<?xml version="1.0" encoding="UTF-8"?>
<!-- Generated by org.testng.reporters.JUnitReportReporter -->
<testsuite hostname="DESKTOP-AGOQQT3" failures="0" tests="2" name="Origin.SDKLicence.LicenceManagement" time="30.154" errors="0" timestamp="2024-06-06T14:17:02 IST" skipped="0">
  <testcase classname="Origin.SDKLicence.LicenceManagement" name="licence" time="30.095"/>
  <system-out/>
  <testcase classname="Origin.SDKLicence.LicenceManagement" name="executePopUpOrLicence" time="0.059"/>
  <system-out/>
</testsuite> <!-- Origin.SDKLicence.LicenceManagement -->
