<?xml version="1.0" encoding="UTF-8"?>
<!-- Generated by org.testng.reporters.JUnitReportReporter -->
<testsuite hostname="DESKTOP-AGOQQT3" failures="0" tests="2" name="Origin.SDKLicence.trial" time="3.806" errors="0" timestamp="2024-06-06T13:11:08 IST" skipped="0">
  <testcase classname="Origin.SDKLicence.trial" name="executePopUpOrLicence" time="0.074"/>
  <system-out/>
  <testcase classname="Origin.SDKLicence.trial" name="licence" time="3.732"/>
  <system-out/>
</testsuite> <!-- Origin.SDKLicence.trial -->
