<?xml version="1.0" encoding="UTF-8"?>
<!-- Generated by org.testng.reporters.JUnitReportReporter -->
<testsuite hostname="DESKTOP-AGOQQT3" failures="0" tests="1" name="Origin.SDKLicence.LicenceManagement" time="54.393" errors="0" timestamp="2024-06-05T15:27:53 IST" skipped="0">
  <testcase classname="Origin.SDKLicence.LicenceManagement" name="executePopUpOrLicence" time="54.393"/>
  <system-out/>
</testsuite> <!-- Origin.SDKLicence.LicenceManagement -->
