<?xml version="1.0" encoding="UTF-8"?>
<!-- Generated by org.testng.reporters.JUnitReportReporter -->
<testsuite hostname="DESKTOP-AGOQQT3" failures="0" tests="2" name="Origin.SDKLicence.LicenceManagement" time="54.326" errors="0" timestamp="2024-06-05T14:55:15 IST" skipped="0">
  <testcase classname="Origin.SDKLicence.LicenceManagement" name="checkAndScheduleEmailReminder" time="4.117"/>
  <system-out/>
  <testcase classname="Origin.SDKLicence.LicenceManagement" name="executePopUpOrLicence" time="50.209"/>
  <system-out/>
</testsuite> <!-- Origin.SDKLicence.LicenceManagement -->
